{
  "RSpec": {
    "coverage": {
      "/home/boweiliu/study/courses/CSCE606 Software Eng/CSCE606HW4/rottenpotatoes/app/controllers/application_controller.rb": [
        1,
        1,
        null
      ],
      "/home/boweiliu/study/courses/CSCE606 Software Eng/CSCE606HW4/rottenpotatoes/app/helpers/application_helper.rb": [
        1,
        null
      ],
      "/home/boweiliu/study/courses/CSCE606 Software Eng/CSCE606HW4/rottenpotatoes/app/helpers/movies_helper.rb": [
        1,
        null,
        1,
        0,
        null,
        null
      ],
      "/home/boweiliu/study/courses/CSCE606 Software Eng/CSCE606HW4/rottenpotatoes/app/controllers/movies_controller.rb": [
        1,
        null,
        1,
        1,
        1,
        null,
        null,
        null,
        1,
        2,
        2,
        null,
        2,
        2,
        null,
        1,
        1,
        null,
        1,
        null,
        null,
        null,
        null,
        1,
        5,
        5,
        null,
        1,
        null,
        1,
        null,
        5,
        5,
        null,
        5,
        2,
        2,
        null,
        null,
        3,
        1,
        1,
        1,
        null,
        null,
        2,
        2,
        2,
        2,
        null,
        null,
        1,
        null,
        null,
        null,
        1,
        1,
        1,
        1,
        null,
        null,
        1,
        1,
        null,
        null,
        1,
        1,
        1,
        1,
        1,
        null,
        null,
        1,
        1,
        1,
        1,
        1,
        null,
        null,
        null
      ],
      "/home/boweiliu/study/courses/CSCE606 Software Eng/CSCE606HW4/rottenpotatoes/app/models/movie.rb": [
        1,
        null,
        1,
        null,
        1,
        6,
        null,
        null,
        null
      ]
    },
    "timestamp": 1444199137
  }
}
